# JRE version: OpenJDK Runtime Environment Temurin-17.0.12+7 (17.0.12+7) (build 17.0.12+7)
# Java VM: OpenJDK 64-Bit Server VM Temurin-17.0.12+7 (17.0.12+7, mixed mode, emulated-client, tiered, compressed oops, compressed class ptrs, g1 gc, windows-amd64)
GC Precious Log:
 CPUs: 8 total, 8 available
 Memory: 16289M
 Large Page Support: Disabled
 NUMA Support: Disabled
 Compressed Oops: Enabled (32-bit)
 Heap Region Size: 1M
 Heap Min Capacity: 8M
 Heap Initial Capacity: 256M
 Heap Max Capacity: 1G
 Pre-touch: Disabled
 Parallel Workers: 8
 Concurrent Workers: 2
 Concurrent Refinement Workers: 8
 Periodic GC: Disabled
Heap:
 garbage-first heap   total 92160K, used 37740K [0x00000000c0000000, 0x0000000100000000)
  region size 1024K, 1 young (1024K), 0 survivors (0K)
 Metaspace       used 61501K, committed 62016K, reserved 1114112K
  class space    used 7770K, committed 8000K, reserved 1048576K
GC Heap History (20 events):
Event: 37481.292 GC heap after
{Heap after GC invocations=3598 (full 3549):
 garbage-first heap   total 92160K, used 37740K [0x00000000c0000000, 0x0000000100000000)
  region size 1024K, 0 young (0K), 0 survivors (0K)
 Metaspace       used 61501K, committed 62016K, reserved 1114112K
  class space    used 7770K, committed 8000K, reserved 1048576K
}
Event: 37491.445 GC heap before
{Heap before GC invocations=3598 (full 3549):
 garbage-first heap   total 92160K, used 37740K [0x00000000c0000000, 0x0000000100000000)
  region size 1024K, 1 young (1024K), 0 survivors (0K)
 Metaspace       used 61501K, committed 62016K, reserved 1114112K
  class space    used 7770K, committed 8000K, reserved 1048576K
}
Event: 37491.481 GC heap after
{Heap after GC invocations=3599 (full 3550):
 garbage-first heap   total 92160K, used 37740K [0x00000000c0000000, 0x0000000100000000)
  region size 1024K, 0 young (0K), 0 survivors (0K)
 Metaspace       used 61501K, committed 62016K, reserved 1114112K
  class space    used 7770K, committed 8000K, reserved 1048576K
}
Event: 37501.673 GC heap before
{Heap before GC invocations=3599 (full 3550):
 garbage-first heap   total 92160K, used 37740K [0x00000000c0000000, 0x0000000100000000)
  region size 1024K, 1 young (1024K), 0 survivors (0K)
 Metaspace       used 61501K, committed 62016K, reserved 1114112K
  class space    used 7770K, committed 8000K, reserved 1048576K
}
Event: 37501.710 GC heap after
{Heap after GC invocations=3600 (full 3551):
 garbage-first heap   total 92160K, used 37740K [0x00000000c0000000, 0x0000000100000000)
  region size 1024K, 0 young (0K), 0 survivors (0K)
 Metaspace       used 61501K, committed 62016K, reserved 1114112K
  class space    used 7770K, committed 8000K, reserved 1048576K
}
Event: 37511.879 GC heap before
{Heap before GC invocations=3600 (full 3551):
 garbage-first heap   total 92160K, used 37740K [0x00000000c0000000, 0x0000000100000000)
  region size 1024K, 1 young (1024K), 0 survivors (0K)
 Metaspace       used 61501K, committed 62016K, reserved 1114112K
  class space    used 7770K, committed 8000K, reserved 1048576K
}
Event: 37511.925 GC heap after
{Heap after GC invocations=3601 (full 3552):
 garbage-first heap   total 92160K, used 37740K [0x00000000c0000000, 0x0000000100000000)
  region size 1024K, 0 young (0K), 0 survivors (0K)
 Metaspace       used 61501K, committed 62016K, reserved 1114112K
  class space    used 7770K, committed 8000K, reserved 1048576K
}
Event: 37522.084 GC heap before
{Heap before GC invocations=3601 (full 3552):
 garbage-first heap   total 92160K, used 37740K [0x00000000c0000000, 0x0000000100000000)
  region size 1024K, 1 young (1024K), 0 survivors (0K)
 Metaspace       used 61501K, committed 62016K, reserved 1114112K
  class space    used 7770K, committed 8000K, reserved 1048576K
}
Event: 37522.127 GC heap after
{Heap after GC invocations=3602 (full 3553):
 garbage-first heap   total 92160K, used 37740K [0x00000000c0000000, 0x0000000100000000)
  region size 1024K, 0 young (0K), 0 survivors (0K)
 Metaspace       used 61501K, committed 62016K, reserved 1114112K
  class space    used 7770K, committed 8000K, reserved 1048576K
}
Event: 37532.269 GC heap before
{Heap before GC invocations=3602 (full 3553):
 garbage-first heap   total 92160K, used 37740K [0x00000000c0000000, 0x0000000100000000)
  region size 1024K, 1 young (1024K), 0 survivors (0K)
 Metaspace       used 61501K, committed 62016K, reserved 1114112K
  class space    used 7770K, committed 8000K, reserved 1048576K
}
Event: 37532.311 GC heap after
{Heap after GC invocations=3603 (full 3554):
 garbage-first heap   total 92160K, used 37740K [0x00000000c0000000, 0x0000000100000000)
  region size 1024K, 0 young (0K), 0 survivors (0K)
 Metaspace       used 61501K, committed 62016K, reserved 1114112K
  class space    used 7770K, committed 8000K, reserved 1048576K
}
Event: 37542.463 GC heap before
{Heap before GC invocations=3603 (full 3554):
 garbage-first heap   total 92160K, used 37740K [0x00000000c0000000, 0x0000000100000000)
  region size 1024K, 1 young (1024K), 0 survivors (0K)
 Metaspace       used 61501K, committed 62016K, reserved 1114112K
  class space    used 7770K, committed 8000K, reserved 1048576K
}
Event: 37542.501 GC heap after
{Heap after GC invocations=3604 (full 3555):
 garbage-first heap   total 92160K, used 37740K [0x00000000c0000000, 0x0000000100000000)
  region size 1024K, 0 young (0K), 0 survivors (0K)
 Metaspace       used 61501K, committed 62016K, reserved 1114112K
  class space    used 7770K, committed 8000K, reserved 1048576K
}
Event: 37552.645 GC heap before
{Heap before GC invocations=3604 (full 3555):
 garbage-first heap   total 92160K, used 37740K [0x00000000c0000000, 0x0000000100000000)
  region size 1024K, 1 young (1024K), 0 survivors (0K)
 Metaspace       used 61501K, committed 62016K, reserved 1114112K
  class space    used 7770K, committed 8000K, reserved 1048576K
}
Event: 37552.683 GC heap after
{Heap after GC invocations=3605 (full 3556):
 garbage-first heap   total 92160K, used 37740K [0x00000000c0000000, 0x0000000100000000)
  region size 1024K, 0 young (0K), 0 survivors (0K)
 Metaspace       used 61501K, committed 62016K, reserved 1114112K
  class space    used 7770K, committed 8000K, reserved 1048576K
}
Event: 37562.896 GC heap before
{Heap before GC invocations=3605 (full 3556):
 garbage-first heap   total 92160K, used 37740K [0x00000000c0000000, 0x0000000100000000)
  region size 1024K, 1 young (1024K), 0 survivors (0K)
 Metaspace       used 61501K, committed 62016K, reserved 1114112K
  class space    used 7770K, committed 8000K, reserved 1048576K
}
Event: 37562.932 GC heap after
{Heap after GC invocations=3606 (full 3557):
 garbage-first heap   total 92160K, used 37740K [0x00000000c0000000, 0x0000000100000000)
  region size 1024K, 0 young (0K), 0 survivors (0K)
 Metaspace       used 61501K, committed 62016K, reserved 1114112K
  class space    used 7770K, committed 8000K, reserved 1048576K
}
Event: 37573.082 GC heap before
{Heap before GC invocations=3606 (full 3557):
 garbage-first heap   total 92160K, used 37740K [0x00000000c0000000, 0x0000000100000000)
  region size 1024K, 1 young (1024K), 0 survivors (0K)
 Metaspace       used 61501K, committed 62016K, reserved 1114112K
  class space    used 7770K, committed 8000K, reserved 1048576K
}
Event: 37573.127 GC heap after
{Heap after GC invocations=3607 (full 3558):
 garbage-first heap   total 92160K, used 37740K [0x00000000c0000000, 0x0000000100000000)
  region size 1024K, 0 young (0K), 0 survivors (0K)
 Metaspace       used 61501K, committed 62016K, reserved 1114112K
  class space    used 7770K, committed 8000K, reserved 1048576K
}
Event: 37583.220 GC heap before
{Heap before GC invocations=3607 (full 3558):
 garbage-first heap   total 92160K, used 37740K [0x00000000c0000000, 0x0000000100000000)
  region size 1024K, 1 young (1024K), 0 survivors (0K)
 Metaspace       used 61501K, committed 62016K, reserved 1114112K
  class space    used 7770K, committed 8000K, reserved 1048576K
}

